Traceback (most recent call last):
  File "/mnt/data1/home/lei00126/GUI_Spotlight/screenspot_pro_evaluation.py", line 12, in <module>
    from spotlight.tools_envs.tool_env import ToolEnv
  File "/mnt/data1/home/lei00126/GUI_Spotlight/spotlight/tools_envs/tool_env.py", line 8, in <module>
    from transformers import PreTrainedModel
  File "/mnt/data1/home/lei00126/miniconda3/envs/spotlight/lib/python3.12/site-packages/transformers/__init__.py", line 27, in <module>
    from . import dependency_versions_check
  File "/mnt/data1/home/lei00126/miniconda3/envs/spotlight/lib/python3.12/site-packages/transformers/dependency_versions_check.py", line 16, in <module>
    from .utils.versions import require_version, require_version_core
  File "/mnt/data1/home/lei00126/miniconda3/envs/spotlight/lib/python3.12/site-packages/transformers/utils/__init__.py", line 24, in <module>
    from .auto_docstring import (
  File "/mnt/data1/home/lei00126/miniconda3/envs/spotlight/lib/python3.12/site-packages/transformers/utils/auto_docstring.py", line 30, in <module>
    from .generic import ModelOutput
  File "/mnt/data1/home/lei00126/miniconda3/envs/spotlight/lib/python3.12/site-packages/transformers/utils/generic.py", line 53, in <module>
    import torch  # noqa: F401
    ^^^^^^^^^^^^
  File "/mnt/data1/home/lei00126/miniconda3/envs/spotlight/lib/python3.12/site-packages/torch/__init__.py", line 2604, in <module>
    from torch import _meta_registrations
  File "/mnt/data1/home/lei00126/miniconda3/envs/spotlight/lib/python3.12/site-packages/torch/_meta_registrations.py", line 11, in <module>
    from torch._decomp import (
  File "/mnt/data1/home/lei00126/miniconda3/envs/spotlight/lib/python3.12/site-packages/torch/_decomp/__init__.py", line 284, in <module>
    import torch._decomp.decompositions
  File "/mnt/data1/home/lei00126/miniconda3/envs/spotlight/lib/python3.12/site-packages/torch/_decomp/decompositions.py", line 15, in <module>
    import torch._prims as prims
  File "/mnt/data1/home/lei00126/miniconda3/envs/spotlight/lib/python3.12/site-packages/torch/_prims/__init__.py", line 2473, in <module>
    empty_permuted = _make_prim(
                     ^^^^^^^^^^^
  File "/mnt/data1/home/lei00126/miniconda3/envs/spotlight/lib/python3.12/site-packages/torch/_prims/__init__.py", line 320, in _make_prim
    prim_def = torch.library.custom_op(
               ^^^^^^^^^^^^^^^^^^^^^^^^
  File "/mnt/data1/home/lei00126/miniconda3/envs/spotlight/lib/python3.12/site-packages/torch/_library/custom_ops.py", line 145, in custom_op
    return inner(fn)
           ^^^^^^^^^
  File "/mnt/data1/home/lei00126/miniconda3/envs/spotlight/lib/python3.12/site-packages/torch/_library/custom_ops.py", line 126, in inner
    result = CustomOpDef(namespace, opname, schema_str, fn)
             ^^^^^^^^^^^^^^^^^^^^^^^^^^^^^^^^^^^^^^^^^^^^^^
  File "/mnt/data1/home/lei00126/miniconda3/envs/spotlight/lib/python3.12/site-packages/torch/_library/custom_ops.py", line 174, in __init__
    self._register_to_dispatcher()
  File "/mnt/data1/home/lei00126/miniconda3/envs/spotlight/lib/python3.12/site-packages/torch/_library/custom_ops.py", line 596, in _register_to_dispatcher
    autograd_impl = autograd.make_autograd_impl(self._opoverload, self)
                    ^^^^^^^^^^^^^^^^^^^^^^^^^^^^^^^^^^^^^^^^^^^^^^^^^^^
  File "/mnt/data1/home/lei00126/miniconda3/envs/spotlight/lib/python3.12/site-packages/torch/_library/autograd.py", line 28, in make_autograd_impl
    @dataclass
     ^^^^^^^^^
  File "/mnt/data1/home/lei00126/miniconda3/envs/spotlight/lib/python3.12/dataclasses.py", line 1275, in dataclass
    return wrap(cls)
           ^^^^^^^^^
  File "/mnt/data1/home/lei00126/miniconda3/envs/spotlight/lib/python3.12/dataclasses.py", line 1265, in wrap
    return _process_class(cls, init, repr, eq, order, unsafe_hash,
           ^^^^^^^^^^^^^^^^^^^^^^^^^^^^^^^^^^^^^^^^^^^^^^^^^^^^^^^
  File "/mnt/data1/home/lei00126/miniconda3/envs/spotlight/lib/python3.12/dataclasses.py", line 1083, in _process_class
    _set_new_attribute(cls, '__repr__', _repr_fn(flds, globals))
  File "/mnt/data1/home/lei00126/miniconda3/envs/spotlight/lib/python3.12/dataclasses.py", line 870, in _set_new_attribute
    setattr(cls, name, value)
KeyboardInterrupt
